<?xml version="1.0" encoding="UTF-8"?>
<!-- Generated by org.testng.reporters.JUnitReportReporter -->
<testsuite hostname="Shradha" failures="0" tests="1" name="testNg.demo" time="0.007" errors="0" timestamp="2025-01-11T14:46:08 IST" skipped="0">
  <testcase classname="testNg.demo" name="m" time="0.007"/>
</testsuite> <!-- testNg.demo -->
