<?xml version="1.0" encoding="UTF-8"?>
<!-- Generated by org.testng.reporters.JUnitReportReporter -->
<testsuite hostname="Shradha" failures="0" tests="3" name="ANNOTATIONS.Annotation2" time="15.063" errors="0" timestamp="2025-01-12T16:58:01 IST" skipped="0">
  <testcase classname="ANNOTATIONS.Annotation2" name="verifyLogoPresence" time="4.489"/>
  <testcase classname="ANNOTATIONS.Annotation2" name="At" time="4.479"/>
  <testcase classname="ANNOTATIONS.Annotation2" name="demo" time="6.095"/>
</testsuite> <!-- ANNOTATIONS.Annotation2 -->
