<?xml version="1.0" encoding="UTF-8"?>
<!-- Generated by org.testng.reporters.JUnitReportReporter -->
<testsuite hostname="Shradha" failures="0" tests="3" name="FEATURES.Priority1" time="0.012" errors="0" timestamp="2025-01-12T15:42:45 IST" skipped="0">
  <testcase classname="FEATURES.Priority1" name="AC" time="0.003"/>
  <testcase classname="FEATURES.Priority1" name="AA" time="0.006"/>
  <testcase classname="FEATURES.Priority1" name="AB" time="0.003"/>
</testsuite> <!-- FEATURES.Priority1 -->
