<?xml version="1.0" encoding="UTF-8"?>
<!-- Generated by org.testng.reporters.JUnitReportReporter -->
<testsuite hostname="Shradha" failures="0" tests="3" name="ANNOTATIONS.Annotation1" time="0.004" errors="0" timestamp="2025-01-12T16:58:01 IST" skipped="0">
  <testcase classname="ANNOTATIONS.Annotation1" name="FacebookLogoTest2" time="0.000"/>
  <testcase classname="ANNOTATIONS.Annotation1" name="demo" time="0.000"/>
  <testcase classname="ANNOTATIONS.Annotation1" name="FacebookLogoTest1" time="0.004"/>
</testsuite> <!-- ANNOTATIONS.Annotation1 -->
