<?xml version="1.0" encoding="UTF-8"?>
<!-- Generated by org.testng.reporters.JUnitReportReporter -->
<testsuite hostname="Shradha" failures="0" tests="3" name="testNg.Annotation1" time="0.005" errors="0" timestamp="2025-01-11T15:12:47 IST" skipped="0">
  <testcase classname="testNg.Annotation1" name="FacebookLogoTest2" time="0.000"/>
  <testcase classname="testNg.Annotation1" name="demo" time="0.001"/>
  <testcase classname="testNg.Annotation1" name="FacebookLogoTest1" time="0.004"/>
</testsuite> <!-- testNg.Annotation1 -->
