<?xml version="1.0" encoding="UTF-8"?>
<!-- Generated by org.testng.reporters.JUnitReportReporter -->
<testsuite hostname="Shradha" failures="0" tests="3" name="FEATURES.group2" time="0.012" errors="0" timestamp="2025-01-12T23:58:02 IST" skipped="0">
  <testcase classname="FEATURES.group2" name="productSearch" time="0.001"/>
  <testcase classname="FEATURES.group2" name="addcart" time="0.009"/>
  <testcase classname="FEATURES.group2" name="checkoutprocesss" time="0.002"/>
</testsuite> <!-- FEATURES.group2 -->
