<?xml version="1.0" encoding="UTF-8"?>
<!-- Generated by org.testng.reporters.JUnitReportReporter -->
<testsuite hostname="Shradha" failures="0" tests="4" name="FEATURES.priority2" time="0.013" errors="0" timestamp="2025-01-12T15:57:18 IST" skipped="0">
  <testcase classname="FEATURES.priority2" name="logoutTest" time="0.006"/>
  <testcase classname="FEATURES.priority2" name="logoutTest1" time="0.003"/>
  <testcase classname="FEATURES.priority2" name="LoginTest" time="0.002"/>
  <testcase classname="FEATURES.priority2" name="dashboardTest" time="0.002"/>
</testsuite> <!-- FEATURES.priority2 -->
