<?xml version="1.0" encoding="UTF-8"?>
<!-- Generated by org.testng.reporters.JUnitReportReporter -->
<testsuite hostname="Shradha" failures="0" tests="2" name="ASSERTION.SoftAssertion1" time="0.016" errors="0" timestamp="2025-01-16T16:37:21 IST" skipped="0">
  <testcase classname="ASSERTION.SoftAssertion1" name="Test2" time="0.002"/>
  <testcase classname="ASSERTION.SoftAssertion1" name="Test1" time="0.014"/>
</testsuite> <!-- ASSERTION.SoftAssertion1 -->
