<?xml version="1.0" encoding="UTF-8"?>
<!-- Generated by org.testng.reporters.JUnitReportReporter -->
<testsuite hostname="Shradha" failures="0" tests="2" name="FEATURES.Enable" time="5.683" errors="0" timestamp="2025-01-12T16:56:09 IST" skipped="0">
  <testcase classname="FEATURES.Enable" name="VerifyPassInputField" time="3.353"/>
  <testcase classname="FEATURES.Enable" name="VerifyEmailInputField" time="2.330"/>
</testsuite> <!-- FEATURES.Enable -->
