<?xml version="1.0" encoding="UTF-8"?>
<!-- Generated by org.testng.reporters.JUnitReportReporter -->
<testsuite hostname="Shradha" failures="0" tests="3" name="testNg.Annotation2" time="19.185" errors="0" timestamp="2025-01-11T17:15:28 IST" skipped="0">
  <testcase classname="testNg.Annotation2" name="demo" time="8.710"/>
  <testcase classname="testNg.Annotation2" name="At" time="4.875"/>
  <testcase classname="testNg.Annotation2" name="verifyLogoPresence" time="5.600"/>
</testsuite> <!-- testNg.Annotation2 -->
