<?xml version="1.0" encoding="UTF-8"?>
<!-- Generated by org.testng.reporters.JUnitReportReporter -->
<testsuite hostname="Shradha" failures="0" tests="1" name="PARALLEL_TEST.TestClass1" time="4.954" errors="0" timestamp="2025-01-13T18:46:37 IST" skipped="0">
  <testcase classname="PARALLEL_TEST.TestClass1" name="Testmethod1" time="4.954"/>
</testsuite> <!-- PARALLEL_TEST.TestClass1 -->
