<?xml version="1.0" encoding="UTF-8"?>
<!-- Generated by org.testng.reporters.JUnitReportReporter -->
<testsuite hostname="Shradha" failures="0" tests="4" name="FEATURES.Dependsonmethods" time="0.015" errors="0" timestamp="2025-01-12T23:02:23 IST" skipped="0">
  <testcase classname="FEATURES.Dependsonmethods" name="RefreshTest" time="0.001"/>
  <testcase classname="FEATURES.Dependsonmethods" name="createNewAccount" time="0.001"/>
  <testcase classname="FEATURES.Dependsonmethods" name="homepage" time="0.002"/>
  <testcase classname="FEATURES.Dependsonmethods" name="LogInTest" time="0.011"/>
</testsuite> <!-- FEATURES.Dependsonmethods -->
