<?xml version="1.0" encoding="UTF-8"?>
<!-- Generated by org.testng.reporters.JUnitReportReporter -->
<testsuite hostname="Shradha" failures="0" tests="1" name="FEATURES.Expected_Exception" time="0.009" errors="0" timestamp="2025-01-12T17:27:46 IST" skipped="0">
  <testcase classname="FEATURES.Expected_Exception" name="test" time="0.009"/>
</testsuite> <!-- FEATURES.Expected_Exception -->
