<?xml version="1.0" encoding="UTF-8"?>
<!-- Generated by org.testng.reporters.JUnitReportReporter -->
<testsuite hostname="Shradha" failures="0" tests="2" name="FEATURES.program2" time="0.004" errors="0" timestamp="2025-01-12T23:32:06 IST" skipped="0">
  <testcase classname="FEATURES.program2" name="Test1" time="0.001"/>
  <testcase classname="FEATURES.program2" name="Test2" time="0.003"/>
</testsuite> <!-- FEATURES.program2 -->
