<?xml version="1.0" encoding="UTF-8"?>
<!-- Generated by org.testng.reporters.JUnitReportReporter -->
<testsuite hostname="Shradha" failures="0" tests="1" name="FEATURES.program1" time="0.010" errors="0" timestamp="2025-01-12T23:32:06 IST" skipped="0">
  <testcase classname="FEATURES.program1" name="Test1" time="0.010"/>
</testsuite> <!-- FEATURES.program1 -->
