<?xml version="1.0" encoding="UTF-8"?>
<!-- Generated by org.testng.reporters.JUnitReportReporter -->
<testsuite hostname="Shradha" failures="0" tests="1" name="FEATURES.Depends_on_methodds" time="0.013" errors="0" timestamp="2025-01-12T17:20:20 IST" skipped="0">
  <testcase classname="FEATURES.Depends_on_methodds" name="lognInTest" time="0.013"/>
</testsuite> <!-- FEATURES.Depends_on_methodds -->
