<?xml version="1.0" encoding="UTF-8"?>
<!-- Generated by org.testng.reporters.JUnitReportReporter -->
<testsuite hostname="Shradha" failures="0" tests="3" name="PARAMETERIZATION.program2" time="0.008" errors="0" timestamp="2025-01-13T15:41:42 IST" skipped="0">
  <testcase classname="PARAMETERIZATION.program2" name="add" time="0.006"/>
  <testcase classname="PARAMETERIZATION.program2" name="div" time="0.001"/>
  <testcase classname="PARAMETERIZATION.program2" name="sub" time="0.001"/>
</testsuite> <!-- PARAMETERIZATION.program2 -->
