<?xml version="1.0" encoding="UTF-8"?>
<!-- Generated by org.testng.reporters.JUnitReportReporter -->
<testsuite hostname="Shradha" failures="0" tests="1" name="PARAMETERIZATION.program1" time="3.909" errors="0" timestamp="2025-01-13T15:07:22 IST" skipped="0">
  <testcase classname="PARAMETERIZATION.program1" name="LoginTest" time="3.909"/>
</testsuite> <!-- PARAMETERIZATION.program1 -->
