<?xml version="1.0" encoding="UTF-8"?>
<!-- Generated by org.testng.reporters.JUnitReportReporter -->
<testsuite hostname="Shradha" failures="0" tests="10" name="FEATURES.Invocation_Count" time="0.019" errors="0" timestamp="2025-01-12T17:04:19 IST" skipped="0">
  <testcase classname="FEATURES.Invocation_Count" name="name" time="0.001"/>
  <testcase classname="FEATURES.Invocation_Count" name="name" time="0.002"/>
  <testcase classname="FEATURES.Invocation_Count" name="name" time="0.000"/>
  <testcase classname="FEATURES.Invocation_Count" name="name" time="0.000"/>
  <testcase classname="FEATURES.Invocation_Count" name="name" time="0.007"/>
  <testcase classname="FEATURES.Invocation_Count" name="name" time="0.001"/>
  <testcase classname="FEATURES.Invocation_Count" name="name" time="0.001"/>
  <testcase classname="FEATURES.Invocation_Count" name="name" time="0.000"/>
  <testcase classname="FEATURES.Invocation_Count" name="name" time="0.001"/>
  <testcase classname="FEATURES.Invocation_Count" name="name" time="0.006"/>
</testsuite> <!-- FEATURES.Invocation_Count -->
